<?xml version="1.0" encoding="UTF-8"?>
<!-- Generated by org.testng.reporters.JUnitReportReporter -->
<testsuite hostname="DESKTOP-14DE18T" failures="0" tests="2" name="test.NaaptolProductSearchTest" time="83.402" errors="0" timestamp="2023-10-21T13:19:28 IST" skipped="0">
  <testcase classname="test.NaaptolProductSearchTest" name="productSearchTest" time="40.399"/>
  <testcase classname="test.NaaptolProductSearchTest" name="verifyIfProductIsDisplayedInQuickView" time="43.003"/>
</testsuite> <!-- test.NaaptolProductSearchTest -->
