<?xml version="1.0" encoding="UTF-8"?>
<!-- Generated by org.testng.reporters.JUnitReportReporter -->
<testsuite hostname="DESKTOP-14DE18T" failures="0" tests="1" name="test.NaaptolHomePageTest" time="117.673" errors="0" timestamp="2023-10-19T22:42:23 IST" skipped="0">
  <testcase classname="test.NaaptolHomePageTest" name="NaaptolLoginTest" time="117.673"/>
</testsuite> <!-- test.NaaptolHomePageTest -->
