<?xml version="1.0" encoding="UTF-8"?>
<!-- Generated by org.testng.reporters.JUnitReportReporter -->
<testsuite hostname="DESKTOP-14DE18T" failures="0" tests="1" name="test.AddToCartTestPage" time="47.561" errors="0" timestamp="2023-10-29T17:31:40 IST" skipped="0">
  <testcase classname="test.AddToCartTestPage" name="addMultipleProductsFromProductDisplayPage" time="47.561"/>
</testsuite> <!-- test.AddToCartTestPage -->
