<?xml version="1.0" encoding="UTF-8"?>
<!-- Generated by org.testng.reporters.JUnitReportReporter -->
<testsuite hostname="DESKTOP-14DE18T" failures="0" tests="1" name="test.Practice" time="29.361" errors="0" timestamp="2023-10-28T16:31:37 IST" skipped="0">
  <testcase classname="test.Practice" name="verifyingArithmeticCalculationsOfAddToCart" time="29.361"/>
</testsuite> <!-- test.Practice -->
