<?xml version="1.0" encoding="UTF-8"?>
<!-- Generated by org.testng.reporters.JUnitReportReporter -->
<testsuite hostname="DESKTOP-14DE18T" failures="0" tests="1" name="test.QuickViewTestPage" time="19.869" errors="0" timestamp="2023-10-23T15:22:40 IST" skipped="0">
  <testcase classname="test.QuickViewTestPage" name="verifyIfProductIsDisplayedInCartIsSameAsSelectedFromPDP" time="19.869"/>
</testsuite> <!-- test.QuickViewTestPage -->
